<?xml version="1.0" encoding="UTF-8"?>
<!-- Generated by org.testng.reporters.JUnitXMLReporter -->
<testsuite ignored="0" hostname="ANISH" failures="0" tests="6" name="Surefire test" time="44.647" errors="0" timestamp="2024-11-13T16:56:48 IST">
  <testcase classname="Anish.Tests.ErrorVadilationTest" name="errorValid" time="0.383"/>
  <testcase classname="Anish.Tests.ErrorVadilationTest" name="productErroValidation" time="0.897"/>
  <testcase classname="Anish.Tests.SubmitOrderTest" name="submitOrder" time="9.206"/>
  <testcase classname="Anish.Tests.SubmitOrderTest" name="submitOrder" time="9.489"/>
  <testcase classname="Anish.Tests.SubmitOrderTest" name="OrderHistory" time="1.056"/>
  <testcase classname="Anish.Tests.SubmitOrderTest" name="OrderHistory" time="1.037"/>
</testsuite> <!-- Surefire test -->
