<?xml version="1.0" encoding="UTF-8"?>
<!-- Generated by org.testng.reporters.JUnitXMLReporter -->
<testsuite ignored="0" hostname="ANISH" failures="0" tests="4" name="SubmitOrder Test" time="35.877" errors="0" timestamp="2024-11-13T16:36:01 IST">
  <testcase classname="Anish.Tests.SubmitOrderTest" name="submitOrder" time="9.522"/>
  <testcase classname="Anish.Tests.SubmitOrderTest" name="submitOrder" time="9.052"/>
  <testcase classname="Anish.Tests.SubmitOrderTest" name="OrderHistory" time="1.057"/>
  <testcase classname="Anish.Tests.SubmitOrderTest" name="OrderHistory" time="1.064"/>
</testsuite> <!-- SubmitOrder Test -->
