<?xml version="1.0" encoding="UTF-8"?>
<!-- Generated by org.testng.reporters.JUnitXMLReporter -->
<testsuite ignored="0" hostname="ANISH" failures="0" tests="4" name="SubmitOrder Test" time="36.863" errors="0" timestamp="2024-11-13T19:26:59 IST">
  <testcase classname="Anish.Tests.SubmitOrderTest" name="submitOrder" time="9.087"/>
  <testcase classname="Anish.Tests.SubmitOrderTest" name="submitOrder" time="9.61"/>
  <testcase classname="Anish.Tests.SubmitOrderTest" name="OrderHistory" time="1.019"/>
  <testcase classname="Anish.Tests.SubmitOrderTest" name="OrderHistory" time="1.005"/>
</testsuite> <!-- SubmitOrder Test -->
