<?xml version="1.0" encoding="UTF-8"?>
<testng-results ignored="0" total="6" passed="6" failed="0" skipped="0">
  <reporter-output>
  </reporter-output>
  <suite started-at="2024-11-13T19:26:22 IST" name="Suite" finished-at="2024-11-13T19:26:59 IST" duration-ms="36863">
    <groups>
      <group name="errorhandlings">
        <method signature="ErrorVadilationTest.errorValid()[pri:0, instance:Anish.Tests.ErrorVadilationTest@3feb2dda]" name="errorValid" class="Anish.Tests.ErrorVadilationTest"/>
      </group> <!-- errorhandlings -->
    </groups>
    <test started-at="2024-11-13T19:26:22 IST" name=" ErrorVadilation Test " finished-at="2024-11-13T19:26:32 IST" duration-ms="9822">
      <class name="Anish.Tests.ErrorVadilationTest">
        <test-method is-config="true" signature="launchApllication()[pri:0, instance:Anish.Tests.ErrorVadilationTest@3feb2dda]" started-at="2024-11-13T19:26:22 IST" name="launchApllication" finished-at="2024-11-13T19:26:27 IST" duration-ms="4106" status="PASS">
          <reporter-output>
          </reporter-output>
        </test-method> <!-- launchApllication -->
        <test-method signature="errorValid()[pri:0, instance:Anish.Tests.ErrorVadilationTest@3feb2dda]" started-at="2024-11-13T19:26:27 IST" name="errorValid" finished-at="2024-11-13T19:26:27 IST" duration-ms="476" status="PASS">
          <reporter-output>
          </reporter-output>
        </test-method> <!-- errorValid -->
        <test-method is-config="true" signature="teardown()[pri:0, instance:Anish.Tests.ErrorVadilationTest@3feb2dda]" started-at="2024-11-13T19:26:27 IST" name="teardown" finished-at="2024-11-13T19:26:27 IST" duration-ms="97" status="PASS">
          <reporter-output>
          </reporter-output>
        </test-method> <!-- teardown -->
        <test-method is-config="true" signature="launchApllication()[pri:0, instance:Anish.Tests.ErrorVadilationTest@3feb2dda]" started-at="2024-11-13T19:26:27 IST" name="launchApllication" finished-at="2024-11-13T19:26:31 IST" duration-ms="4006" status="PASS">
          <reporter-output>
          </reporter-output>
        </test-method> <!-- launchApllication -->
        <test-method signature="productErroValidation()[pri:0, instance:Anish.Tests.ErrorVadilationTest@3feb2dda]" started-at="2024-11-13T19:26:31 IST" name="productErroValidation" finished-at="2024-11-13T19:26:32 IST" duration-ms="978" status="PASS">
          <reporter-output>
          </reporter-output>
        </test-method> <!-- productErroValidation -->
        <test-method is-config="true" signature="teardown()[pri:0, instance:Anish.Tests.ErrorVadilationTest@3feb2dda]" started-at="2024-11-13T19:26:32 IST" name="teardown" finished-at="2024-11-13T19:26:32 IST" duration-ms="111" status="PASS">
          <reporter-output>
          </reporter-output>
        </test-method> <!-- teardown -->
      </class> <!-- Anish.Tests.ErrorVadilationTest -->
    </test> <!--  ErrorVadilation Test  -->
    <test started-at="2024-11-13T19:26:22 IST" name="SubmitOrder Test" finished-at="2024-11-13T19:26:59 IST" duration-ms="36863">
      <class name="Anish.Tests.SubmitOrderTest">
        <test-method is-config="true" signature="launchApllication()[pri:0, instance:Anish.Tests.SubmitOrderTest@1caa0244]" started-at="2024-11-13T19:26:23 IST" name="launchApllication" finished-at="2024-11-13T19:26:27 IST" duration-ms="4058" status="PASS">
          <reporter-output>
          </reporter-output>
        </test-method> <!-- launchApllication -->
        <test-method signature="submitOrder(java.util.HashMap)[pri:0, instance:Anish.Tests.SubmitOrderTest@1caa0244]" started-at="2024-11-13T19:26:27 IST" name="submitOrder" data-provider="getData1" finished-at="2024-11-13T19:26:36 IST" duration-ms="9087" status="PASS">
          <params>
            <param index="0">
              <value>
                <![CDATA[{pass=Anish@123, email=anish123@gmail.com, productName=ZARA COAT 3}]]>
              </value>
            </param>
          </params>
          <reporter-output>
          </reporter-output>
        </test-method> <!-- submitOrder -->
        <test-method is-config="true" signature="teardown()[pri:0, instance:Anish.Tests.SubmitOrderTest@1caa0244]" started-at="2024-11-13T19:26:36 IST" name="teardown" finished-at="2024-11-13T19:26:36 IST" duration-ms="123" status="PASS">
          <reporter-output>
          </reporter-output>
        </test-method> <!-- teardown -->
        <test-method is-config="true" signature="launchApllication()[pri:0, instance:Anish.Tests.SubmitOrderTest@1caa0244]" started-at="2024-11-13T19:26:36 IST" name="launchApllication" finished-at="2024-11-13T19:26:40 IST" duration-ms="3745" status="PASS">
          <reporter-output>
          </reporter-output>
        </test-method> <!-- launchApllication -->
        <test-method signature="submitOrder(java.util.HashMap)[pri:0, instance:Anish.Tests.SubmitOrderTest@1caa0244]" started-at="2024-11-13T19:26:40 IST" name="submitOrder" data-provider="getData1" finished-at="2024-11-13T19:26:49 IST" duration-ms="9610" status="PASS">
          <params>
            <param index="0">
              <value>
                <![CDATA[{pass=Anish@123, email=anish0001@gmail.com, productName=ADIDAS ORIGINAL}]]>
              </value>
            </param>
          </params>
          <reporter-output>
          </reporter-output>
        </test-method> <!-- submitOrder -->
        <test-method is-config="true" signature="teardown()[pri:0, instance:Anish.Tests.SubmitOrderTest@1caa0244]" started-at="2024-11-13T19:26:49 IST" name="teardown" finished-at="2024-11-13T19:26:49 IST" duration-ms="116" status="PASS">
          <reporter-output>
          </reporter-output>
        </test-method> <!-- teardown -->
        <test-method is-config="true" signature="launchApllication()[pri:0, instance:Anish.Tests.SubmitOrderTest@1caa0244]" started-at="2024-11-13T19:26:49 IST" name="launchApllication" finished-at="2024-11-13T19:26:53 IST" duration-ms="4013" status="PASS">
          <reporter-output>
          </reporter-output>
        </test-method> <!-- launchApllication -->
        <test-method signature="OrderHistory(java.util.HashMap)[pri:0, instance:Anish.Tests.SubmitOrderTest@1caa0244]" started-at="2024-11-13T19:26:53 IST" name="OrderHistory" data-provider="getData1" finished-at="2024-11-13T19:26:54 IST" depends-on-methods="Anish.Tests.SubmitOrderTest.submitOrder" duration-ms="1019" status="PASS">
          <params>
            <param index="0">
              <value>
                <![CDATA[{pass=Anish@123, email=anish123@gmail.com, productName=ZARA COAT 3}]]>
              </value>
            </param>
          </params>
          <reporter-output>
          </reporter-output>
        </test-method> <!-- OrderHistory -->
        <test-method is-config="true" signature="teardown()[pri:0, instance:Anish.Tests.SubmitOrderTest@1caa0244]" started-at="2024-11-13T19:26:54 IST" name="teardown" finished-at="2024-11-13T19:26:55 IST" duration-ms="91" status="PASS">
          <reporter-output>
          </reporter-output>
        </test-method> <!-- teardown -->
        <test-method is-config="true" signature="launchApllication()[pri:0, instance:Anish.Tests.SubmitOrderTest@1caa0244]" started-at="2024-11-13T19:26:55 IST" name="launchApllication" finished-at="2024-11-13T19:26:58 IST" duration-ms="3514" status="PASS">
          <reporter-output>
          </reporter-output>
        </test-method> <!-- launchApllication -->
        <test-method signature="OrderHistory(java.util.HashMap)[pri:0, instance:Anish.Tests.SubmitOrderTest@1caa0244]" started-at="2024-11-13T19:26:58 IST" name="OrderHistory" data-provider="getData1" finished-at="2024-11-13T19:26:59 IST" depends-on-methods="Anish.Tests.SubmitOrderTest.submitOrder" duration-ms="1005" status="PASS">
          <params>
            <param index="0">
              <value>
                <![CDATA[{pass=Anish@123, email=anish0001@gmail.com, productName=ADIDAS ORIGINAL}]]>
              </value>
            </param>
          </params>
          <reporter-output>
          </reporter-output>
        </test-method> <!-- OrderHistory -->
        <test-method is-config="true" signature="teardown()[pri:0, instance:Anish.Tests.SubmitOrderTest@1caa0244]" started-at="2024-11-13T19:26:59 IST" name="teardown" finished-at="2024-11-13T19:26:59 IST" duration-ms="194" status="PASS">
          <reporter-output>
          </reporter-output>
        </test-method> <!-- teardown -->
      </class> <!-- Anish.Tests.SubmitOrderTest -->
    </test> <!-- SubmitOrder Test -->
  </suite> <!-- Suite -->
</testng-results>
